<?xml version="1.0" encoding="UTF-8"?>
<testsuite xmlns:xsi="http://www.w3.org/2001/XMLSchema-instance" xsi:noNamespaceSchemaLocation="https://maven.apache.org/surefire/maven-surefire-plugin/xsd/surefire-test-report-3.0.xsd" version="3.0" name="com.amazonlocker.AmazonLockerApplicationTests" time="6.351" tests="1" errors="0" skipped="0" failures="0">
  <properties>
[...]
</properties>
  <testcase name="contextLoads" classname="com.amazonlocker.AmazonLockerApplicationTests" time="0.452">
    <system-out><![CDATA[13:38:27.264 [main] INFO org.springframework.test.context.support.AnnotationConfigContextLoaderUtils -- Could not detect default configuration classes for test class [com.amazonlocker.AmazonLockerApplicationTests]: AmazonLockerApplicationTests does not declare any static, non-private, non-final, nested classes annotated with @Configuration.
13:38:27.397 [main] INFO org.springframework.boot.test.context.SpringBootTestContextBootstrapper -- Found @SpringBootConfiguration com.amazonlocker.AmazonLockerApplication for test class com.amazonlocker.AmazonLockerApplicationTests

  .   ____          _            __ _ _
 /\\ / ___'_ __ _ _(_)_ __  __ _ \ \ \ \
( ( )\___ | '_ | '_| | '_ \/ _` | \ \ \ \
 \\/  ___)| |_)| | | | | || (_| |  ) ) ) )
  '  |____| .__|_| |_|_| |_\__, | / / / /
 =========|_|==============|___/=/_/_/_/

 :: Spring Boot ::                (v3.3.5)

2026-05-30T13:38:27.841-07:00  INFO 23276 --- [amazon-locker] [           main] c.a.AmazonLockerApplicationTests         : Starting AmazonLockerApplicationTests using Java 17.0.18 with PID 23276 (started by ayush in C:\Projects\spring-boot\amazon-locker\amazon-locker)
2026-05-30T13:38:27.841-07:00  INFO 23276 --- [amazon-locker] [           main] c.a.AmazonLockerApplicationTests         : No active profile set, falling back to 1 default profile: "default"
2026-05-30T13:38:28.556-07:00  INFO 23276 --- [amazon-locker] [           main] .s.d.r.c.RepositoryConfigurationDelegate : Bootstrapping Spring Data JPA repositories in DEFAULT mode.
2026-05-30T13:38:28.625-07:00  INFO 23276 --- [amazon-locker] [           main] .s.d.r.c.RepositoryConfigurationDelegate : Finished Spring Data repository scanning in 52 ms. Found 2 JPA repository interfaces.
2026-05-30T13:38:29.149-07:00  INFO 23276 --- [amazon-locker] [           main] o.hibernate.jpa.internal.util.LogHelper  : HHH000204: Processing PersistenceUnitInfo [name: default]
2026-05-30T13:38:29.293-07:00  INFO 23276 --- [amazon-locker] [           main] org.hibernate.Version                    : HHH000412: Hibernate ORM core version 6.5.3.Final
2026-05-30T13:38:29.361-07:00  INFO 23276 --- [amazon-locker] [           main] o.h.c.internal.RegionFactoryInitiator    : HHH000026: Second-level cache disabled
2026-05-30T13:38:29.855-07:00  INFO 23276 --- [amazon-locker] [           main] o.s.o.j.p.SpringPersistenceUnitInfo      : No LoadTimeWeaver setup: ignoring JPA class transformer
2026-05-30T13:38:29.873-07:00  INFO 23276 --- [amazon-locker] [           main] com.zaxxer.hikari.HikariDataSource       : HikariPool-1 - Starting...
2026-05-30T13:38:30.056-07:00  INFO 23276 --- [amazon-locker] [           main] com.zaxxer.hikari.pool.HikariPool        : HikariPool-1 - Added connection conn0: url=jdbc:h2:mem:amazonlocker user=SA
2026-05-30T13:38:30.056-07:00  INFO 23276 --- [amazon-locker] [           main] com.zaxxer.hikari.HikariDataSource       : HikariPool-1 - Start completed.
2026-05-30T13:38:30.092-07:00  WARN 23276 --- [amazon-locker] [           main] org.hibernate.orm.deprecation            : HHH90000025: H2Dialect does not need to be specified explicitly using 'hibernate.dialect' (remove the property setting and it will be selected by default)
2026-05-30T13:38:30.861-07:00  INFO 23276 --- [amazon-locker] [           main] o.h.e.t.j.p.i.JtaPlatformInitiator       : HHH000489: No JTA platform available (set 'hibernate.transaction.jta.platform' to enable JTA platform integration)
Hibernate: create table access_tokens (token_id bigint generated by default as identity, active boolean not null, expiry_date_time timestamp(6) not null, issued_date_time timestamp(6) not null, pin varchar(6) not null, compartment_id bigint not null, primary key (token_id))
Hibernate: create table compartments (compartment_id bigint generated by default as identity, compartment_size enum ('LARGE','MEDIUM','SMALL') not null, is_occupied boolean not null, primary key (compartment_id))
Hibernate: alter table if exists access_tokens add constraint FKpwidnqyvcukmweqwj68gr58bc foreign key (compartment_id) references compartments
2026-05-30T13:38:30.906-07:00  INFO 23276 --- [amazon-locker] [           main] j.LocalContainerEntityManagerFactoryBean : Initialized JPA EntityManagerFactory for persistence unit 'default'
2026-05-30T13:38:31.377-07:00  INFO 23276 --- [amazon-locker] [           main] o.s.d.j.r.query.QueryEnhancerFactory     : Hibernate is in classpath; If applicable, HQL parser will be used.
2026-05-30T13:38:32.075-07:00  WARN 23276 --- [amazon-locker] [           main] JpaBaseConfiguration$JpaWebConfiguration : spring.jpa.open-in-view is enabled by default. Therefore, database queries may be performed during view rendering. Explicitly configure spring.jpa.open-in-view to disable this warning
2026-05-30T13:38:32.509-07:00  INFO 23276 --- [amazon-locker] [           main] o.s.b.a.h2.H2ConsoleAutoConfiguration    : H2 console available at '/h2-console'. Database available at 'jdbc:h2:mem:amazonlocker'
2026-05-30T13:38:32.570-07:00  INFO 23276 --- [amazon-locker] [           main] c.a.AmazonLockerApplicationTests         : Started AmazonLockerApplicationTests in 4.997 seconds (process running for 5.964)
Hibernate: select count(c1_0.compartment_id) from compartments c1_0 where c1_0.compartment_size=?
Hibernate: insert into compartments (compartment_size,is_occupied,compartment_id) values (?,?,default)
Hibernate: select count(c1_0.compartment_id) from compartments c1_0 where c1_0.compartment_size=?
Hibernate: insert into compartments (compartment_size,is_occupied,compartment_id) values (?,?,default)
Hibernate: select count(c1_0.compartment_id) from compartments c1_0 where c1_0.compartment_size=?
Hibernate: insert into compartments (compartment_size,is_occupied,compartment_id) values (?,?,default)
Hibernate: select count(c1_0.compartment_id) from compartments c1_0 where c1_0.compartment_size=?
Hibernate: insert into compartments (compartment_size,is_occupied,compartment_id) values (?,?,default)
Hibernate: select count(c1_0.compartment_id) from compartments c1_0 where c1_0.compartment_size=?
Hibernate: insert into compartments (compartment_size,is_occupied,compartment_id) values (?,?,default)
Hibernate: select count(c1_0.compartment_id) from compartments c1_0 where c1_0.compartment_size=?
Hibernate: insert into compartments (compartment_size,is_occupied,compartment_id) values (?,?,default)
Hibernate: select count(c1_0.compartment_id) from compartments c1_0 where c1_0.compartment_size=?
Hibernate: insert into compartments (compartment_size,is_occupied,compartment_id) values (?,?,default)
Hibernate: select count(c1_0.compartment_id) from compartments c1_0 where c1_0.compartment_size=?
Hibernate: insert into compartments (compartment_size,is_occupied,compartment_id) values (?,?,default)
Hibernate: select count(c1_0.compartment_id) from compartments c1_0 where c1_0.compartment_size=?
Hibernate: insert into compartments (compartment_size,is_occupied,compartment_id) values (?,?,default)
Hibernate: select count(c1_0.compartment_id) from compartments c1_0 where c1_0.compartment_size=?
Hibernate: insert into compartments (compartment_size,is_occupied,compartment_id) values (?,?,default)
Hibernate: select count(c1_0.compartment_id) from compartments c1_0 where c1_0.compartment_size=?
Hibernate: insert into compartments (compartment_size,is_occupied,compartment_id) values (?,?,default)
Hibernate: select count(c1_0.compartment_id) from compartments c1_0 where c1_0.compartment_size=?
Hibernate: insert into compartments (compartment_size,is_occupied,compartment_id) values (?,?,default)
Hibernate: select count(c1_0.compartment_id) from compartments c1_0 where c1_0.compartment_size=?
Hibernate: insert into compartments (compartment_size,is_occupied,compartment_id) values (?,?,default)
Hibernate: select count(c1_0.compartment_id) from compartments c1_0 where c1_0.compartment_size=?
Hibernate: insert into compartments (compartment_size,is_occupied,compartment_id) values (?,?,default)
Hibernate: select count(c1_0.compartment_id) from compartments c1_0 where c1_0.compartment_size=?
Hibernate: insert into compartments (compartment_size,is_occupied,compartment_id) values (?,?,default)
Hibernate: select count(c1_0.compartment_id) from compartments c1_0 where c1_0.compartment_size=?
Hibernate: insert into compartments (compartment_size,is_occupied,compartment_id) values (?,?,default)
Hibernate: select count(c1_0.compartment_id) from compartments c1_0 where c1_0.compartment_size=?
Hibernate: insert into compartments (compartment_size,is_occupied,compartment_id) values (?,?,default)
Hibernate: select count(c1_0.compartment_id) from compartments c1_0 where c1_0.compartment_size=?
Hibernate: insert into compartments (compartment_size,is_occupied,compartment_id) values (?,?,default)
Hibernate: select count(c1_0.compartment_id) from compartments c1_0 where c1_0.compartment_size=?
Hibernate: insert into compartments (compartment_size,is_occupied,compartment_id) values (?,?,default)
Hibernate: select count(c1_0.compartment_id) from compartments c1_0 where c1_0.compartment_size=?
Hibernate: insert into compartments (compartment_size,is_occupied,compartment_id) values (?,?,default)
Hibernate: select count(c1_0.compartment_id) from compartments c1_0 where c1_0.compartment_size=?
Hibernate: select count(c1_0.compartment_id) from compartments c1_0 where c1_0.compartment_size=?
Hibernate: insert into compartments (compartment_size,is_occupied,compartment_id) values (?,?,default)
Hibernate: select count(c1_0.compartment_id) from compartments c1_0 where c1_0.compartment_size=?
Hibernate: insert into compartments (compartment_size,is_occupied,compartment_id) values (?,?,default)
Hibernate: select count(c1_0.compartment_id) from compartments c1_0 where c1_0.compartment_size=?
Hibernate: insert into compartments (compartment_size,is_occupied,compartment_id) values (?,?,default)
Hibernate: select count(c1_0.compartment_id) from compartments c1_0 where c1_0.compartment_size=?
Hibernate: insert into compartments (compartment_size,is_occupied,compartment_id) values (?,?,default)
Hibernate: select count(c1_0.compartment_id) from compartments c1_0 where c1_0.compartment_size=?
Hibernate: insert into compartments (compartment_size,is_occupied,compartment_id) values (?,?,default)
Hibernate: select count(c1_0.compartment_id) from compartments c1_0 where c1_0.compartment_size=?
Hibernate: insert into compartments (compartment_size,is_occupied,compartment_id) values (?,?,default)
Hibernate: select count(c1_0.compartment_id) from compartments c1_0 where c1_0.compartment_size=?
Hibernate: insert into compartments (compartment_size,is_occupied,compartment_id) values (?,?,default)
Hibernate: select count(c1_0.compartment_id) from compartments c1_0 where c1_0.compartment_size=?
Hibernate: insert into compartments (compartment_size,is_occupied,compartment_id) values (?,?,default)
Hibernate: select count(c1_0.compartment_id) from compartments c1_0 where c1_0.compartment_size=?
Hibernate: insert into compartments (compartment_size,is_occupied,compartment_id) values (?,?,default)
Hibernate: select count(c1_0.compartment_id) from compartments c1_0 where c1_0.compartment_size=?
Hibernate: insert into compartments (compartment_size,is_occupied,compartment_id) values (?,?,default)
Hibernate: select count(c1_0.compartment_id) from compartments c1_0 where c1_0.compartment_size=?
Hibernate: insert into compartments (compartment_size,is_occupied,compartment_id) values (?,?,default)
Hibernate: select count(c1_0.compartment_id) from compartments c1_0 where c1_0.compartment_size=?
Hibernate: insert into compartments (compartment_size,is_occupied,compartment_id) values (?,?,default)
Hibernate: select count(c1_0.compartment_id) from compartments c1_0 where c1_0.compartment_size=?
Hibernate: insert into compartments (compartment_size,is_occupied,compartment_id) values (?,?,default)
Hibernate: select count(c1_0.compartment_id) from compartments c1_0 where c1_0.compartment_size=?
Hibernate: insert into compartments (compartment_size,is_occupied,compartment_id) values (?,?,default)
Hibernate: select count(c1_0.compartment_id) from compartments c1_0 where c1_0.compartment_size=?
Hibernate: insert into compartments (compartment_size,is_occupied,compartment_id) values (?,?,default)
Hibernate: select count(c1_0.compartment_id) from compartments c1_0 where c1_0.compartment_size=?
Hibernate: insert into compartments (compartment_size,is_occupied,compartment_id) values (?,?,default)
Hibernate: select count(c1_0.compartment_id) from compartments c1_0 where c1_0.compartment_size=?
Hibernate: insert into compartments (compartment_size,is_occupied,compartment_id) values (?,?,default)
Hibernate: select count(c1_0.compartment_id) from compartments c1_0 where c1_0.compartment_size=?
Hibernate: insert into compartments (compartment_size,is_occupied,compartment_id) values (?,?,default)
Hibernate: select count(c1_0.compartment_id) from compartments c1_0 where c1_0.compartment_size=?
Hibernate: insert into compartments (compartment_size,is_occupied,compartment_id) values (?,?,default)
Hibernate: select count(c1_0.compartment_id) from compartments c1_0 where c1_0.compartment_size=?
Hibernate: insert into compartments (compartment_size,is_occupied,compartment_id) values (?,?,default)
Hibernate: select count(c1_0.compartment_id) from compartments c1_0 where c1_0.compartment_size=?
Hibernate: select count(c1_0.compartment_id) from compartments c1_0 where c1_0.compartment_size=?
Hibernate: insert into compartments (compartment_size,is_occupied,compartment_id) values (?,?,default)
Hibernate: select count(c1_0.compartment_id) from compartments c1_0 where c1_0.compartment_size=?
Hibernate: insert into compartments (compartment_size,is_occupied,compartment_id) values (?,?,default)
Hibernate: select count(c1_0.compartment_id) from compartments c1_0 where c1_0.compartment_size=?
Hibernate: insert into compartments (compartment_size,is_occupied,compartment_id) values (?,?,default)
Hibernate: select count(c1_0.compartment_id) from compartments c1_0 where c1_0.compartment_size=?
Hibernate: insert into compartments (compartment_size,is_occupied,compartment_id) values (?,?,default)
Hibernate: select count(c1_0.compartment_id) from compartments c1_0 where c1_0.compartment_size=?
Hibernate: insert into compartments (compartment_size,is_occupied,compartment_id) values (?,?,default)
Hibernate: select count(c1_0.compartment_id) from compartments c1_0 where c1_0.compartment_size=?
Hibernate: insert into compartments (compartment_size,is_occupied,compartment_id) values (?,?,default)
Hibernate: select count(c1_0.compartment_id) from compartments c1_0 where c1_0.compartment_size=?
Hibernate: insert into compartments (compartment_size,is_occupied,compartment_id) values (?,?,default)
Hibernate: select count(c1_0.compartment_id) from compartments c1_0 where c1_0.compartment_size=?
Hibernate: insert into compartments (compartment_size,is_occupied,compartment_id) values (?,?,default)
Hibernate: select count(c1_0.compartment_id) from compartments c1_0 where c1_0.compartment_size=?
Hibernate: insert into compartments (compartment_size,is_occupied,compartment_id) values (?,?,default)
Hibernate: select count(c1_0.compartment_id) from compartments c1_0 where c1_0.compartment_size=?
Hibernate: insert into compartments (compartment_size,is_occupied,compartment_id) values (?,?,default)
Hibernate: select count(c1_0.compartment_id) from compartments c1_0 where c1_0.compartment_size=?
Hibernate: insert into compartments (compartment_size,is_occupied,compartment_id) values (?,?,default)
Hibernate: select count(c1_0.compartment_id) from compartments c1_0 where c1_0.compartment_size=?
Hibernate: insert into compartments (compartment_size,is_occupied,compartment_id) values (?,?,default)
Hibernate: select count(c1_0.compartment_id) from compartments c1_0 where c1_0.compartment_size=?
Hibernate: insert into compartments (compartment_size,is_occupied,compartment_id) values (?,?,default)
Hibernate: select count(c1_0.compartment_id) from compartments c1_0 where c1_0.compartment_size=?
Hibernate: insert into compartments (compartment_size,is_occupied,compartment_id) values (?,?,default)
Hibernate: select count(c1_0.compartment_id) from compartments c1_0 where c1_0.compartment_size=?
Hibernate: insert into compartments (compartment_size,is_occupied,compartment_id) values (?,?,default)
Hibernate: select count(c1_0.compartment_id) from compartments c1_0 where c1_0.compartment_size=?
Hibernate: insert into compartments (compartment_size,is_occupied,compartment_id) values (?,?,default)
Hibernate: select count(c1_0.compartment_id) from compartments c1_0 where c1_0.compartment_size=?
Hibernate: insert into compartments (compartment_size,is_occupied,compartment_id) values (?,?,default)
Hibernate: select count(c1_0.compartment_id) from compartments c1_0 where c1_0.compartment_size=?
Hibernate: insert into compartments (compartment_size,is_occupied,compartment_id) values (?,?,default)
Hibernate: select count(c1_0.compartment_id) from compartments c1_0 where c1_0.compartment_size=?
Hibernate: insert into compartments (compartment_size,is_occupied,compartment_id) values (?,?,default)
Hibernate: select count(c1_0.compartment_id) from compartments c1_0 where c1_0.compartment_size=?
Hibernate: insert into compartments (compartment_size,is_occupied,compartment_id) values (?,?,default)
Hibernate: select count(c1_0.compartment_id) from compartments c1_0 where c1_0.compartment_size=?
Hibernate: select c1_0.compartment_id,c1_0.compartment_size,c1_0.is_occupied from compartments c1_0 where not(c1_0.is_occupied)
]]></system-out>
  </testcase>
</testsuite>